<?xml version="1.0" encoding="utf-8" ?>
<!-- DO NOT EDIT THIS FILE -->

<log version='2.0' source='mc'>
	<!-- Successfully loaded CCRT at address 56000000 - 560A1000 -->
	<!-- Successfully loaded MC at address 55000000 - 55A46000 -->
	<!-- Analysis started for E:\Asp.net\Compiler_parax\Faz-2\Faz_2_ANTLR\bin\Debug\Faz_2_ANTLR.exe, pid = 10432 -->
	<msg id='1' source='mc'>
		<type>EXEC_OF_INTEREST</type>
		<severity>INFO</severity>
		<timestamp>Sun Jan 04 12:51:20 2015</timestamp>
		<arg name='path'>E:\Asp.net\Compiler_parax\Faz-2\Faz_2_ANTLR\bin\Debug\Faz_2_ANTLR.exe</arg>
		<arg name='pid'>10432</arg>
	</msg>
	<!-- Command line: C:\Program Files (x86)\Intel\Inspector XE 2015\bin32\pin -xyzzy -mesgoff console -xyzzy -bridge_save_x87 0 -bridge_save_mxcsr 0 -follow_execv -error_file E:\Asp.net\Compiler_parax\Faz-2\Faz_2_ANTLR\My Inspector XE Results - Faz_2_ANTLR\r000mi2\data.0\pin_error.log -logfile E:\Asp.net\Compiler_parax\Faz-2\Faz_2_ANTLR\My Inspector XE Results - Faz_2_ANTLR\r000mi2\data.0\pin.log -xyzzy -region_max_inss 500 -p64 C:\Program Files (x86)\Intel\Inspector XE 2015\bin64\pin -t64 C:\Program Files (x86)\Intel\Inspector XE 2015\bin64\memchkr -t C:\Program Files (x86)\Intel\Inspector XE 2015\bin32\memchkr -no-analyze-stack -check-invalid-access -leak-check-on-exit -leak-check-on-demand -enable-memory-growth -leak-check-report-reachable -check-resource-leaks -freelist-vol 0 -leak-maximum 100000 -guard-zone-size 0 -stack-depth 8 -heartbeat 1 -working-dir E:\Asp.net\Compiler_parax\Faz-2\Faz_2_ANTLR\My Inspector XE Results - Faz_2_ANTLR\r000mi2\data.0 -log mc_Faz_2_ANTLR.log -result Faz_2_ANTLR - E:\Asp.net\Compiler_parax\Faz-2\Faz_2_ANTLR\bin\Debug\Faz_2_ANTLR.exe  -->
	<!-- mc's options are the following:  -->
	<!-- -help                              false -->
	<!-- -verbose                           false -->
	<!-- -xyzzy                             false -->
	<!-- -version                           false -->
	<!-- -help-all                          false -->
	<!-- -xyzzy-all                         false -->
	<!-- -report-all-instances              false -->
	<!-- -check-for-padded-structures       true -->
	<!-- -check-for-bitfields               true -->
	<!-- -analyze-stack                     false -->
	<!-- -access-checks                     false -->
	<!-- -check-uninit-read                 false -->
	<!-- -check-invalid-access              true -->
	<!-- -advanced-uninit-read              false -->
	<!-- -track-origins                     true -->
	<!-- -duplicate-uninits                 false -->
	<!-- -bss-initialized                   true -->
	<!-- -align-alloc-size                  false -->
	<!-- -report-uninit-read                false -->
	<!-- -ignore-system-libraries           false -->
	<!-- -gen-suppressions                  false -->
	<!-- -leak-check-on-exit                true -->
	<!-- -leak-check-on-demand              true -->
	<!-- -leak-check-uses-baseline          true -->
	<!-- -enable-memory-growth              true -->
	<!-- -leak-check-report-reachable       true -->
	<!-- -leak-check-full                   true -->
	<!-- -check-resource-leaks              true -->
	<!-- -xml                               true -->
	<!-- -trace-children                    false -->
	<!-- -enable-poke                       false -->
	<!-- -jit-mode-anyway                   false -->
	<!-- -disable-probe-mode-mismatches-64  true -->
	<!-- -aggressive-callstack-caching      false -->
	<!-- -suppress-breakpoints              false -->
	<!-- -monitor-memory                    false -->
	<!-- -freelist-vol                      0 -->
	<!-- -leak-maximum                      100000 -->
	<!-- -guard-zone-size                   0 -->
	<!-- -stack-depth                       8 -->
	<!-- -asdp-major                        2 -->
	<!-- -asdp-minor                        0 -->
	<!-- -heartbeat                         1 -->
	<!-- -breakpoint-file                   (null) -->
	<!-- -config-file                       (null) -->
	<!-- -log                               mc_Faz_2_ANTLR.log -->
	<!-- -ignore-commands                   (null),  -->
	<!-- -ignore-modules                    (null),  -->
	<!-- -ignore-symbols                    (null),  -->
	<!-- -module-of-interest                (null),  -->
	<!-- -executable-of-interest            (null),  -->
	<!-- -working-dir                       E:\Asp.net\Compiler_parax\Faz-2\Faz_2_ANTLR\My Inspector XE Results - Faz_2_ANTLR\r000mi2\data.0 -->
	<!-- -result                            Faz_2_ANTLR -->
	<!-- -exclude-module                    (null),  -->
	<!-- -include-module                    (null),  -->
	<!-- -only-exec-commands                (null),  -->
	<!-- -suppressions                      (null),  -->
	<!-- -debug                             none -->
	<!-- -shared-mem-name                   (null) -->
	<!-- -poke-function                     (null),  -->
	<!-- -log-socket                        (null) -->
	<!-- -analysis-mode                     (null) -->
	<!-- -disable-gatekeeping               false -->
	<!-- -ignore-os-allocators              false -->
	<!-- -mrte-mode                         auto -->
	<!-- probe mode: no -->
	<!-- invalid access: yes -->
	<!-- uninit read: no -->
	<!-- track origin: no -->
	<!-- Module loaded E:\Asp.net\Compiler_parax\Faz-2\Faz_2_ANTLR\bin\Debug\Faz_2_ANTLR.exe, address range [0x01170000-0x0117dfff] -->
	<msg id='2' source='mc'>
		<type>MODULE_LOAD</type>
		<severity>INFO</severity>
		<timestamp>Sun Jan 04 12:51:20 2015</timestamp>
		<arg name='path'>E:\Asp.net\Compiler_parax\Faz-2\Faz_2_ANTLR\bin\Debug\Faz_2_ANTLR.exe</arg>
		<arg name='addr1'>0x01170000</arg>
		<arg name='addr2'>0x0117DFFF</arg>
	</msg>
	<!-- Module loaded C:\Program Files (x86)\NVIDIA Corporation\CoProcManager\detoured.dll, address range [0x0f000000-0x0f005fff] -->
	<msg id='3' source='mc'>
		<type>MODULE_LOAD</type>
		<severity>INFO</severity>
		<timestamp>Sun Jan 04 12:51:20 2015</timestamp>
		<arg name='path'>C:\Program Files (x86)\NVIDIA Corporation\CoProcManager\detoured.dll</arg>
		<arg name='addr1'>0x0F000000</arg>
		<arg name='addr2'>0x0F005FFF</arg>
	</msg>
	<!-- Module loaded C:\Program Files (x86)\Intel\Inspector XE 2015\bin32\ccrt12.dll, address range [0x56000000-0x5616bfff], minimal analysis -->
	<msg id='4' source='mc'>
		<type>MODULE_LOAD_NO_ANALYSIS</type>
		<severity>INFO</severity>
		<timestamp>Sun Jan 04 12:51:20 2015</timestamp>
		<arg name='path'>C:\Program Files (x86)\Intel\Inspector XE 2015\bin32\ccrt12.dll</arg>
		<arg name='addr1'>0x56000000</arg>
		<arg name='addr2'>0x5616BFFF</arg>
	</msg>
	<!-- Module loaded C:\Windows\SYSTEM32\MSCOREE.DLL, address range [0x70030000-0x70079fff], minimal analysis -->
	<msg id='5' source='mc'>
		<type>MODULE_LOAD_NO_ANALYSIS</type>
		<severity>INFO</severity>
		<timestamp>Sun Jan 04 12:51:20 2015</timestamp>
		<arg name='path'>C:\Windows\SYSTEM32\MSCOREE.DLL</arg>
		<arg name='addr1'>0x70030000</arg>
		<arg name='addr2'>0x70079FFF</arg>
	</msg>
	<!-- Module loaded C:\Program Files (x86)\NVIDIA Corporation\CoProcManager\nvdxgiwrap.dll, address range [0x70360000-0x7037efff] -->
	<msg id='6' source='mc'>
		<type>MODULE_LOAD</type>
		<severity>INFO</severity>
		<timestamp>Sun Jan 04 12:51:20 2015</timestamp>
		<arg name='path'>C:\Program Files (x86)\NVIDIA Corporation\CoProcManager\nvdxgiwrap.dll</arg>
		<arg name='addr1'>0x70360000</arg>
		<arg name='addr2'>0x7037EFFF</arg>
	</msg>
	<!-- Module loaded C:\Program Files (x86)\NVIDIA Corporation\CoProcManager\nvd3d9wrap.dll, address range [0x70470000-0x7049afff] -->
	<msg id='7' source='mc'>
		<type>MODULE_LOAD</type>
		<severity>INFO</severity>
		<timestamp>Sun Jan 04 12:51:20 2015</timestamp>
		<arg name='path'>C:\Program Files (x86)\NVIDIA Corporation\CoProcManager\nvd3d9wrap.dll</arg>
		<arg name='addr1'>0x70470000</arg>
		<arg name='addr2'>0x7049AFFF</arg>
	</msg>
	<!-- Module loaded C:\Windows\SysWOW64\nvinit.dll, address range [0x731e0000-0x7320bfff] -->
	<msg id='8' source='mc'>
		<type>MODULE_LOAD</type>
		<severity>INFO</severity>
		<timestamp>Sun Jan 04 12:51:20 2015</timestamp>
		<arg name='path'>C:\Windows\SysWOW64\nvinit.dll</arg>
		<arg name='addr1'>0x731E0000</arg>
		<arg name='addr2'>0x7320BFFF</arg>
	</msg>
	<!-- Module loaded C:\Windows\syswow64\CRYPTBASE.dll, address range [0x752d0000-0x752dbfff] -->
	<msg id='9' source='mc'>
		<type>MODULE_LOAD</type>
		<severity>INFO</severity>
		<timestamp>Sun Jan 04 12:51:20 2015</timestamp>
		<arg name='path'>C:\Windows\syswow64\CRYPTBASE.dll</arg>
		<arg name='addr1'>0x752D0000</arg>
		<arg name='addr2'>0x752DBFFF</arg>
	</msg>
	<!-- Module loaded C:\Windows\syswow64\SspiCli.dll, address range [0x752e0000-0x7533ffff] -->
	<msg id='10' source='mc'>
		<type>MODULE_LOAD</type>
		<severity>INFO</severity>
		<timestamp>Sun Jan 04 12:51:20 2015</timestamp>
		<arg name='path'>C:\Windows\syswow64\SspiCli.dll</arg>
		<arg name='addr1'>0x752E0000</arg>
		<arg name='addr2'>0x7533FFFF</arg>
	</msg>
	<!-- Module loaded C:\Windows\syswow64\GDI32.dll, address range [0x753c0000-0x7544ffff] -->
	<msg id='11' source='mc'>
		<type>MODULE_LOAD</type>
		<severity>INFO</severity>
		<timestamp>Sun Jan 04 12:51:20 2015</timestamp>
		<arg name='path'>C:\Windows\syswow64\GDI32.dll</arg>
		<arg name='addr1'>0x753C0000</arg>
		<arg name='addr2'>0x7544FFFF</arg>
	</msg>
	<!-- Module loaded C:\Windows\syswow64\SETUPAPI.dll, address range [0x75450000-0x755ecfff] -->
	<msg id='12' source='mc'>
		<type>MODULE_LOAD</type>
		<severity>INFO</severity>
		<timestamp>Sun Jan 04 12:51:20 2015</timestamp>
		<arg name='path'>C:\Windows\syswow64\SETUPAPI.dll</arg>
		<arg name='addr1'>0x75450000</arg>
		<arg name='addr2'>0x755ECFFF</arg>
	</msg>
	<!-- Module loaded C:\Windows\syswow64\OLEAUT32.dll, address range [0x755f0000-0x7567efff] -->
	<msg id='13' source='mc'>
		<type>MODULE_LOAD</type>
		<severity>INFO</severity>
		<timestamp>Sun Jan 04 12:51:20 2015</timestamp>
		<arg name='path'>C:\Windows\syswow64\OLEAUT32.dll</arg>
		<arg name='addr1'>0x755F0000</arg>
		<arg name='addr2'>0x7567EFFF</arg>
	</msg>
	<!-- Module loaded C:\Windows\syswow64\ole32.dll, address range [0x75680000-0x757dbfff] -->
	<msg id='14' source='mc'>
		<type>MODULE_LOAD</type>
		<severity>INFO</severity>
		<timestamp>Sun Jan 04 12:51:20 2015</timestamp>
		<arg name='path'>C:\Windows\syswow64\ole32.dll</arg>
		<arg name='addr1'>0x75680000</arg>
		<arg name='addr2'>0x757DBFFF</arg>
	</msg>
	<!-- Module loaded C:\Windows\system32\IMM32.DLL, address range [0x75830000-0x7588ffff] -->
	<msg id='15' source='mc'>
		<type>MODULE_LOAD</type>
		<severity>INFO</severity>
		<timestamp>Sun Jan 04 12:51:20 2015</timestamp>
		<arg name='path'>C:\Windows\system32\IMM32.DLL</arg>
		<arg name='addr1'>0x75830000</arg>
		<arg name='addr2'>0x7588FFFF</arg>
	</msg>
	<!-- Module loaded C:\Windows\syswow64\RPCRT4.dll, address range [0x75ad0000-0x75bbffff] -->
	<msg id='16' source='mc'>
		<type>MODULE_LOAD</type>
		<severity>INFO</severity>
		<timestamp>Sun Jan 04 12:51:20 2015</timestamp>
		<arg name='path'>C:\Windows\syswow64\RPCRT4.dll</arg>
		<arg name='addr1'>0x75AD0000</arg>
		<arg name='addr2'>0x75BBFFFF</arg>
	</msg>
	<!-- Module loaded C:\Windows\syswow64\DEVOBJ.dll, address range [0x75bc0000-0x75bd1fff] -->
	<msg id='17' source='mc'>
		<type>MODULE_LOAD</type>
		<severity>INFO</severity>
		<timestamp>Sun Jan 04 12:51:20 2015</timestamp>
		<arg name='path'>C:\Windows\syswow64\DEVOBJ.dll</arg>
		<arg name='addr1'>0x75BC0000</arg>
		<arg name='addr2'>0x75BD1FFF</arg>
	</msg>
	<!-- Module loaded C:\Windows\SysWOW64\sechost.dll, address range [0x75c60000-0x75c78fff] -->
	<msg id='18' source='mc'>
		<type>MODULE_LOAD</type>
		<severity>INFO</severity>
		<timestamp>Sun Jan 04 12:51:20 2015</timestamp>
		<arg name='path'>C:\Windows\SysWOW64\sechost.dll</arg>
		<arg name='addr1'>0x75C60000</arg>
		<arg name='addr2'>0x75C78FFF</arg>
	</msg>
	<!-- Module loaded C:\Windows\syswow64\LPK.dll, address range [0x75e50000-0x75e59fff] -->
	<msg id='19' source='mc'>
		<type>MODULE_LOAD</type>
		<severity>INFO</severity>
		<timestamp>Sun Jan 04 12:51:20 2015</timestamp>
		<arg name='path'>C:\Windows\syswow64\LPK.dll</arg>
		<arg name='addr1'>0x75E50000</arg>
		<arg name='addr2'>0x75E59FFF</arg>
	</msg>
	<!-- Module loaded C:\Windows\syswow64\CFGMGR32.dll, address range [0x75e60000-0x75e86fff] -->
	<msg id='20' source='mc'>
		<type>MODULE_LOAD</type>
		<severity>INFO</severity>
		<timestamp>Sun Jan 04 12:51:20 2015</timestamp>
		<arg name='path'>C:\Windows\syswow64\CFGMGR32.dll</arg>
		<arg name='addr1'>0x75E60000</arg>
		<arg name='addr2'>0x75E86FFF</arg>
	</msg>
	<!-- Module loaded C:\Windows\syswow64\USP10.dll, address range [0x75e90000-0x75f2cfff] -->
	<msg id='21' source='mc'>
		<type>MODULE_LOAD</type>
		<severity>INFO</severity>
		<timestamp>Sun Jan 04 12:51:20 2015</timestamp>
		<arg name='path'>C:\Windows\syswow64\USP10.dll</arg>
		<arg name='addr1'>0x75E90000</arg>
		<arg name='addr2'>0x75F2CFFF</arg>
	</msg>
	<!-- Module loaded C:\Windows\syswow64\ADVAPI32.dll, address range [0x76340000-0x763dffff] -->
	<msg id='22' source='mc'>
		<type>MODULE_LOAD</type>
		<severity>INFO</severity>
		<timestamp>Sun Jan 04 12:51:20 2015</timestamp>
		<arg name='path'>C:\Windows\syswow64\ADVAPI32.dll</arg>
		<arg name='addr1'>0x76340000</arg>
		<arg name='addr2'>0x763DFFFF</arg>
	</msg>
	<!-- Module loaded C:\Windows\syswow64\USER32.dll, address range [0x763e0000-0x764dffff] -->
	<msg id='23' source='mc'>
		<type>MODULE_LOAD</type>
		<severity>INFO</severity>
		<timestamp>Sun Jan 04 12:51:21 2015</timestamp>
		<arg name='path'>C:\Windows\syswow64\USER32.dll</arg>
		<arg name='addr1'>0x763E0000</arg>
		<arg name='addr2'>0x764DFFFF</arg>
	</msg>
	<!-- Module loaded C:\Windows\syswow64\KERNEL32.dll, address range [0x76570000-0x7667ffff] -->
	<msg id='24' source='mc'>
		<type>MODULE_LOAD</type>
		<severity>INFO</severity>
		<timestamp>Sun Jan 04 12:51:21 2015</timestamp>
		<arg name='path'>C:\Windows\syswow64\KERNEL32.dll</arg>
		<arg name='addr1'>0x76570000</arg>
		<arg name='addr2'>0x7667FFFF</arg>
	</msg>
	<!-- Module loaded C:\Windows\syswow64\msvcrt.dll, address range [0x76680000-0x7672bfff] -->
	<msg id='25' source='mc'>
		<type>MODULE_LOAD</type>
		<severity>INFO</severity>
		<timestamp>Sun Jan 04 12:51:22 2015</timestamp>
		<arg name='path'>C:\Windows\syswow64\msvcrt.dll</arg>
		<arg name='addr1'>0x76680000</arg>
		<arg name='addr2'>0x7672BFFF</arg>
	</msg>
	<!-- Module loaded C:\Windows\syswow64\KERNELBASE.dll, address range [0x76730000-0x76776fff] -->
	<msg id='26' source='mc'>
		<type>MODULE_LOAD</type>
		<severity>INFO</severity>
		<timestamp>Sun Jan 04 12:51:22 2015</timestamp>
		<arg name='path'>C:\Windows\syswow64\KERNELBASE.dll</arg>
		<arg name='addr1'>0x76730000</arg>
		<arg name='addr2'>0x76776FFF</arg>
	</msg>
	<!-- Module loaded C:\Windows\syswow64\MSCTF.dll, address range [0x767e0000-0x768abfff] -->
	<msg id='27' source='mc'>
		<type>MODULE_LOAD</type>
		<severity>INFO</severity>
		<timestamp>Sun Jan 04 12:51:22 2015</timestamp>
		<arg name='path'>C:\Windows\syswow64\MSCTF.dll</arg>
		<arg name='addr1'>0x767E0000</arg>
		<arg name='addr2'>0x768ABFFF</arg>
	</msg>
	<!-- Module loaded C:\Windows\SysWOW64\ntdll.dll, address range [0x77900000-0x77a7ffff] -->
	<msg id='28' source='mc'>
		<type>MODULE_LOAD</type>
		<severity>INFO</severity>
		<timestamp>Sun Jan 04 12:51:23 2015</timestamp>
		<arg name='path'>C:\Windows\SysWOW64\ntdll.dll</arg>
		<arg name='addr1'>0x77900000</arg>
		<arg name='addr2'>0x77A7FFFF</arg>
	</msg>
	<!-- Module loaded C:\Windows\Microsoft.NET\Framework\v4.0.30319\mscoreei.dll, address range [0x6fdc0000-0x6fe3dfff], minimal analysis -->
	<msg id='29' source='mc'>
		<type>MODULE_LOAD_NO_ANALYSIS</type>
		<severity>INFO</severity>
		<timestamp>Sun Jan 04 12:51:24 2015</timestamp>
		<arg name='path'>C:\Windows\Microsoft.NET\Framework\v4.0.30319\mscoreei.dll</arg>
		<arg name='addr1'>0x6FDC0000</arg>
		<arg name='addr2'>0x6FE3DFFF</arg>
	</msg>
	<!-- Module loaded C:\Windows\syswow64\SHLWAPI.dll, address range [0x76780000-0x767d6fff] -->
	<msg id='30' source='mc'>
		<type>MODULE_LOAD</type>
		<severity>INFO</severity>
		<timestamp>Sun Jan 04 12:51:25 2015</timestamp>
		<arg name='path'>C:\Windows\syswow64\SHLWAPI.dll</arg>
		<arg name='addr1'>0x76780000</arg>
		<arg name='addr2'>0x767D6FFF</arg>
	</msg>
	<!-- Heartbeat, tids = 8764, syscallStatus = 0, calls = 18675 -->
	<msg id='31' display='false' source='mc'>
		<type>HEARTBEAT</type>
		<severity>INFO</severity>
		<timestamp>Sun Jan 04 12:51:25 2015</timestamp>
		<arg name='tids'>8764</arg>
		<arg name='syscalls'>0</arg>
		<arg name='calls'>18675</arg>
	</msg>
	<!-- Module loaded C:\Windows\Microsoft.NET\Framework\v4.0.30319\clr.dll, address range [0x6f570000-0x6fc0efff], minimal analysis -->
	<msg id='32' source='mc'>
		<type>MODULE_LOAD_NO_ANALYSIS</type>
		<severity>INFO</severity>
		<timestamp>Sun Jan 04 12:51:25 2015</timestamp>
		<arg name='path'>C:\Windows\Microsoft.NET\Framework\v4.0.30319\clr.dll</arg>
		<arg name='addr1'>0x6F570000</arg>
		<arg name='addr2'>0x6FC0EFFF</arg>
	</msg>
	<!-- Module loaded C:\Windows\system32\MSVCR120_CLR0400.dll, address range [0x6f2f0000-0x6f3c6fff] -->
	<msg id='33' source='mc'>
		<type>MODULE_LOAD</type>
		<severity>INFO</severity>
		<timestamp>Sun Jan 04 12:51:25 2015</timestamp>
		<arg name='path'>C:\Windows\system32\MSVCR120_CLR0400.dll</arg>
		<arg name='addr1'>0x6F2F0000</arg>
		<arg name='addr2'>0x6F3C6FFF</arg>
	</msg>
	<!-- Heartbeat, tids = 8764, syscallStatus = 0, calls = 15809 -->
	<msg id='34' display='false' source='mc'>
		<type>HEARTBEAT</type>
		<severity>INFO</severity>
		<timestamp>Sun Jan 04 12:51:26 2015</timestamp>
		<arg name='tids'>8764</arg>
		<arg name='syscalls'>0</arg>
		<arg name='calls'>15809</arg>
	</msg>
	<!-- Module loaded C:\Program Files (x86)\Intel\Inspector XE 2015\bin32\dnclrprof.dll, address range [0x10000000-0x1002dfff] -->
	<msg id='35' source='mc'>
		<type>MODULE_LOAD</type>
		<severity>INFO</severity>
		<timestamp>Sun Jan 04 12:51:26 2015</timestamp>
		<arg name='path'>C:\Program Files (x86)\Intel\Inspector XE 2015\bin32\dnclrprof.dll</arg>
		<arg name='addr1'>0x10000000</arg>
		<arg name='addr2'>0x1002DFFF</arg>
	</msg>
	<!-- Heartbeat, tids = 8764,7572,10312, syscallStatus = 0,1,1, calls = 13189,964,954 -->
	<msg id='36' display='false' source='mc'>
		<type>HEARTBEAT</type>
		<severity>INFO</severity>
		<timestamp>Sun Jan 04 12:51:27 2015</timestamp>
		<arg name='tids'>8764,7572,10312</arg>
		<arg name='syscalls'>0,1,1</arg>
		<arg name='calls'>13189,964,954</arg>
	</msg>
	<!-- Heartbeat, tids = 8764,7572,10312, syscallStatus = 0,1,1, calls = 5553,0,0 -->
	<msg id='37' display='false' source='mc'>
		<type>HEARTBEAT</type>
		<severity>INFO</severity>
		<timestamp>Sun Jan 04 12:51:28 2015</timestamp>
		<arg name='tids'>8764,7572,10312</arg>
		<arg name='syscalls'>0,1,1</arg>
		<arg name='calls'>5553,0,0</arg>
	</msg>
	<!-- Heartbeat, tids = 8764,7572,10312,5412,11152, syscallStatus = 0,1,1,1,0, calls = 12451,0,0,44,4255 -->
	<msg id='38' display='false' source='mc'>
		<type>HEARTBEAT</type>
		<severity>INFO</severity>
		<timestamp>Sun Jan 04 12:51:29 2015</timestamp>
		<arg name='tids'>8764,7572,10312,5412,11152</arg>
		<arg name='syscalls'>0,1,1,1,0</arg>
		<arg name='calls'>12451,0,0,44,4255</arg>
	</msg>
	<!-- Heartbeat, tids = 8764,7572,10312,5412,11152, syscallStatus = 0,1,1,1,1, calls = 18793,0,0,0,709 -->
	<msg id='39' display='false' source='mc'>
		<type>HEARTBEAT</type>
		<severity>INFO</severity>
		<timestamp>Sun Jan 04 12:51:30 2015</timestamp>
		<arg name='tids'>8764,7572,10312,5412,11152</arg>
		<arg name='syscalls'>0,1,1,1,1</arg>
		<arg name='calls'>18793,0,0,0,709</arg>
	</msg>
	<!-- Module loaded C:\Windows\system32\VERSION.dll, address range [0x72930000-0x72938fff] -->
	<msg id='40' source='mc'>
		<type>MODULE_LOAD</type>
		<severity>INFO</severity>
		<timestamp>Sun Jan 04 12:51:30 2015</timestamp>
		<arg name='path'>C:\Windows\system32\VERSION.dll</arg>
		<arg name='addr1'>0x72930000</arg>
		<arg name='addr2'>0x72938FFF</arg>
	</msg>
	<!-- Heartbeat, tids = 8764,7572,10312,5412,11152, syscallStatus = 0,1,1,1,1, calls = 5229,0,0,0,0 -->
	<msg id='41' display='false' source='mc'>
		<type>HEARTBEAT</type>
		<severity>INFO</severity>
		<timestamp>Sun Jan 04 12:51:31 2015</timestamp>
		<arg name='tids'>8764,7572,10312,5412,11152</arg>
		<arg name='syscalls'>0,1,1,1,1</arg>
		<arg name='calls'>5229,0,0,0,0</arg>
	</msg>
	<!-- Module loaded C:\Windows\Microsoft.NET\Framework\v4.0.30319\clrjit.dll, address range [0x6e200000-0x6e27cfff], minimal analysis -->
	<msg id='42' source='mc'>
		<type>MODULE_LOAD_NO_ANALYSIS</type>
		<severity>INFO</severity>
		<timestamp>Sun Jan 04 12:51:32 2015</timestamp>
		<arg name='path'>C:\Windows\Microsoft.NET\Framework\v4.0.30319\clrjit.dll</arg>
		<arg name='addr1'>0x6E200000</arg>
		<arg name='addr2'>0x6E27CFFF</arg>
	</msg>
	<!-- Heartbeat, tids = 8764,7572,10312,5412,11152, syscallStatus = 0,1,1,1,1, calls = 29276,0,0,0,11 -->
	<msg id='43' display='false' source='mc'>
		<type>HEARTBEAT</type>
		<severity>INFO</severity>
		<timestamp>Sun Jan 04 12:51:32 2015</timestamp>
		<arg name='tids'>8764,7572,10312,5412,11152</arg>
		<arg name='syscalls'>0,1,1,1,1</arg>
		<arg name='calls'>29276,0,0,0,11</arg>
	</msg>
	<!-- Heartbeat, tids = 8764,7572,10312,5412,11152, syscallStatus = 0,1,1,1,1, calls = 2548,0,0,0,0 -->
	<msg id='44' display='false' source='mc'>
		<type>HEARTBEAT</type>
		<severity>INFO</severity>
		<timestamp>Sun Jan 04 12:51:33 2015</timestamp>
		<arg name='tids'>8764,7572,10312,5412,11152</arg>
		<arg name='syscalls'>0,1,1,1,1</arg>
		<arg name='calls'>2548,0,0,0,0</arg>
	</msg>
	<!-- Heartbeat, tids = 8764,7572,10312,5412,11152, syscallStatus = 0,1,1,1,1, calls = 21327,0,0,0,0 -->
	<msg id='45' display='false' source='mc'>
		<type>HEARTBEAT</type>
		<severity>INFO</severity>
		<timestamp>Sun Jan 04 12:51:34 2015</timestamp>
		<arg name='tids'>8764,7572,10312,5412,11152</arg>
		<arg name='syscalls'>0,1,1,1,1</arg>
		<arg name='calls'>21327,0,0,0,0</arg>
	</msg>
	<!-- Heartbeat, tids = 8764,7572,10312,5412,11152, syscallStatus = 0,1,1,1,1, calls = 11759,0,0,0,138 -->
	<msg id='46' display='false' source='mc'>
		<type>HEARTBEAT</type>
		<severity>INFO</severity>
		<timestamp>Sun Jan 04 12:51:35 2015</timestamp>
		<arg name='tids'>8764,7572,10312,5412,11152</arg>
		<arg name='syscalls'>0,1,1,1,1</arg>
		<arg name='calls'>11759,0,0,0,138</arg>
	</msg>
	<!-- Heartbeat, tids = 8764,7572,10312,5412,11152, syscallStatus = 0,1,1,1,1, calls = 33522,0,0,0,0 -->
	<msg id='47' display='false' source='mc'>
		<type>HEARTBEAT</type>
		<severity>INFO</severity>
		<timestamp>Sun Jan 04 12:51:36 2015</timestamp>
		<arg name='tids'>8764,7572,10312,5412,11152</arg>
		<arg name='syscalls'>0,1,1,1,1</arg>
		<arg name='calls'>33522,0,0,0,0</arg>
	</msg>
	<!-- Module loaded C:\Windows\system32\CRYPTSP.dll, address range [0x6feb0000-0x6fec6fff] -->
	<msg id='48' source='mc'>
		<type>MODULE_LOAD</type>
		<severity>INFO</severity>
		<timestamp>Sun Jan 04 12:51:36 2015</timestamp>
		<arg name='path'>C:\Windows\system32\CRYPTSP.dll</arg>
		<arg name='addr1'>0x6FEB0000</arg>
		<arg name='addr2'>0x6FEC6FFF</arg>
	</msg>
	<!-- Module loaded C:\Windows\system32\rsaenh.dll, address range [0x6fe70000-0x6feaafff] -->
	<msg id='49' source='mc'>
		<type>MODULE_LOAD</type>
		<severity>INFO</severity>
		<timestamp>Sun Jan 04 12:51:36 2015</timestamp>
		<arg name='path'>C:\Windows\system32\rsaenh.dll</arg>
		<arg name='addr1'>0x6FE70000</arg>
		<arg name='addr2'>0x6FEAAFFF</arg>
	</msg>
	<!-- Heartbeat, tids = 8764,7572,10312,5412,11152, syscallStatus = 0,1,1,1,1, calls = 45891,0,0,0,11 -->
	<msg id='50' display='false' source='mc'>
		<type>HEARTBEAT</type>
		<severity>INFO</severity>
		<timestamp>Sun Jan 04 12:51:37 2015</timestamp>
		<arg name='tids'>8764,7572,10312,5412,11152</arg>
		<arg name='syscalls'>0,1,1,1,1</arg>
		<arg name='calls'>45891,0,0,0,11</arg>
	</msg>
	<!-- Heartbeat, tids = 8764,7572,10312,5412,11152, syscallStatus = 0,1,1,1,1, calls = 51002,0,0,0,0 -->
	<msg id='51' display='false' source='mc'>
		<type>HEARTBEAT</type>
		<severity>INFO</severity>
		<timestamp>Sun Jan 04 12:51:38 2015</timestamp>
		<arg name='tids'>8764,7572,10312,5412,11152</arg>
		<arg name='syscalls'>0,1,1,1,1</arg>
		<arg name='calls'>51002,0,0,0,0</arg>
	</msg>
	<!-- Heartbeat, tids = 8764,7572,10312,5412,11152, syscallStatus = 0,1,1,1,1, calls = 39035,0,0,0,0 -->
	<msg id='52' display='false' source='mc'>
		<type>HEARTBEAT</type>
		<severity>INFO</severity>
		<timestamp>Sun Jan 04 12:51:39 2015</timestamp>
		<arg name='tids'>8764,7572,10312,5412,11152</arg>
		<arg name='syscalls'>0,1,1,1,1</arg>
		<arg name='calls'>39035,0,0,0,0</arg>
	</msg>
	<!-- Heartbeat, tids = 8764,7572,10312,5412,11152, syscallStatus = 0,1,1,1,1, calls = 53420,0,0,0,0 -->
	<msg id='53' display='false' source='mc'>
		<type>HEARTBEAT</type>
		<severity>INFO</severity>
		<timestamp>Sun Jan 04 12:51:40 2015</timestamp>
		<arg name='tids'>8764,7572,10312,5412,11152</arg>
		<arg name='syscalls'>0,1,1,1,1</arg>
		<arg name='calls'>53420,0,0,0,0</arg>
	</msg>
	<!-- Heartbeat, tids = 8764,7572,10312,5412,11152, syscallStatus = 0,1,1,1,1, calls = 73621,0,0,0,0 -->
	<msg id='54' display='false' source='mc'>
		<type>HEARTBEAT</type>
		<severity>INFO</severity>
		<timestamp>Sun Jan 04 12:51:41 2015</timestamp>
		<arg name='tids'>8764,7572,10312,5412,11152</arg>
		<arg name='syscalls'>0,1,1,1,1</arg>
		<arg name='calls'>73621,0,0,0,0</arg>
	</msg>
	<!-- Heartbeat, tids = 8764,7572,10312,5412,11152, syscallStatus = 0,1,1,1,1, calls = 46313,0,0,0,0 -->
	<msg id='55' display='false' source='mc'>
		<type>HEARTBEAT</type>
		<severity>INFO</severity>
		<timestamp>Sun Jan 04 12:51:42 2015</timestamp>
		<arg name='tids'>8764,7572,10312,5412,11152</arg>
		<arg name='syscalls'>0,1,1,1,1</arg>
		<arg name='calls'>46313,0,0,0,0</arg>
	</msg>
	<!-- Heartbeat, tids = 8764,7572,10312,5412,11152, syscallStatus = 0,1,1,1,1, calls = 82966,0,0,0,0 -->
	<msg id='56' display='false' source='mc'>
		<type>HEARTBEAT</type>
		<severity>INFO</severity>
		<timestamp>Sun Jan 04 12:51:43 2015</timestamp>
		<arg name='tids'>8764,7572,10312,5412,11152</arg>
		<arg name='syscalls'>0,1,1,1,1</arg>
		<arg name='calls'>82966,0,0,0,0</arg>
	</msg>
	<!-- Heartbeat, tids = 8764,7572,10312,5412,11152, syscallStatus = 0,1,1,1,1, calls = 37210,0,0,0,0 -->
	<msg id='57' display='false' source='mc'>
		<type>HEARTBEAT</type>
		<severity>INFO</severity>
		<timestamp>Sun Jan 04 12:51:44 2015</timestamp>
		<arg name='tids'>8764,7572,10312,5412,11152</arg>
		<arg name='syscalls'>0,1,1,1,1</arg>
		<arg name='calls'>37210,0,0,0,0</arg>
	</msg>
	<!-- Heartbeat, tids = 8764,7572,10312,5412,11152, syscallStatus = 0,1,1,1,1, calls = 25725,0,0,0,0 -->
	<msg id='58' display='false' source='mc'>
		<type>HEARTBEAT</type>
		<severity>INFO</severity>
		<timestamp>Sun Jan 04 12:51:45 2015</timestamp>
		<arg name='tids'>8764,7572,10312,5412,11152</arg>
		<arg name='syscalls'>0,1,1,1,1</arg>
		<arg name='calls'>25725,0,0,0,0</arg>
	</msg>
	<!-- Heartbeat, tids = 8764,7572,10312,5412,11152, syscallStatus = 0,1,1,1,1, calls = 149999,0,0,0,0 -->
	<msg id='59' display='false' source='mc'>
		<type>HEARTBEAT</type>
		<severity>INFO</severity>
		<timestamp>Sun Jan 04 12:51:46 2015</timestamp>
		<arg name='tids'>8764,7572,10312,5412,11152</arg>
		<arg name='syscalls'>0,1,1,1,1</arg>
		<arg name='calls'>149999,0,0,0,0</arg>
	</msg>
	<!-- Heartbeat, tids = 8764,7572,10312,5412,11152, syscallStatus = 0,1,1,1,1, calls = 174017,0,0,0,0 -->
	<msg id='60' display='false' source='mc'>
		<type>HEARTBEAT</type>
		<severity>INFO</severity>
		<timestamp>Sun Jan 04 12:51:47 2015</timestamp>
		<arg name='tids'>8764,7572,10312,5412,11152</arg>
		<arg name='syscalls'>0,1,1,1,1</arg>
		<arg name='calls'>174017,0,0,0,0</arg>
	</msg>
	<!-- Heartbeat, tids = 8764,7572,10312,5412,11152, syscallStatus = 1,1,1,1,1, calls = 9551,0,0,0,0 -->
	<msg id='61' display='false' source='mc'>
		<type>HEARTBEAT</type>
		<severity>INFO</severity>
		<timestamp>Sun Jan 04 12:51:48 2015</timestamp>
		<arg name='tids'>8764,7572,10312,5412,11152</arg>
		<arg name='syscalls'>1,1,1,1,1</arg>
		<arg name='calls'>9551,0,0,0,0</arg>
	</msg>
	<!-- Heartbeat, tids = 8764,7572,10312,5412,11152, syscallStatus = 1,1,1,1,1, calls = 0,0,0,0,0 -->
	<msg id='62' display='false' source='mc'>
		<type>HEARTBEAT</type>
		<severity>INFO</severity>
		<timestamp>Sun Jan 04 12:51:49 2015</timestamp>
		<arg name='tids'>8764,7572,10312,5412,11152</arg>
		<arg name='syscalls'>1,1,1,1,1</arg>
		<arg name='calls'>0,0,0,0,0</arg>
	</msg>
	<!-- Heartbeat, tids = 8764,7572,10312,5412,11152, syscallStatus = 1,1,1,1,1, calls = 0,0,0,0,0 -->
	<msg id='63' display='false' source='mc'>
		<type>HEARTBEAT</type>
		<severity>INFO</severity>
		<timestamp>Sun Jan 04 12:51:50 2015</timestamp>
		<arg name='tids'>8764,7572,10312,5412,11152</arg>
		<arg name='syscalls'>1,1,1,1,1</arg>
		<arg name='calls'>0,0,0,0,0</arg>
	</msg>
	<!-- Heartbeat, tids = 8764,7572,10312,5412,11152, syscallStatus = 1,1,1,1,1, calls = 0,0,0,0,0 -->
	<msg id='64' display='false' source='mc'>
		<type>HEARTBEAT</type>
		<severity>INFO</severity>
		<timestamp>Sun Jan 04 12:51:51 2015</timestamp>
		<arg name='tids'>8764,7572,10312,5412,11152</arg>
		<arg name='syscalls'>1,1,1,1,1</arg>
		<arg name='calls'>0,0,0,0,0</arg>
	</msg>
	<!-- Heartbeat, tids = 8764,7572,10312,5412,11152, syscallStatus = 1,1,1,1,1, calls = 0,0,0,0,0 -->
	<msg id='65' display='false' source='mc'>
		<type>HEARTBEAT</type>
		<severity>INFO</severity>
		<timestamp>Sun Jan 04 12:51:52 2015</timestamp>
		<arg name='tids'>8764,7572,10312,5412,11152</arg>
		<arg name='syscalls'>1,1,1,1,1</arg>
		<arg name='calls'>0,0,0,0,0</arg>
	</msg>
	<!-- Heartbeat, tids = 8764,7572,10312,5412,11152, syscallStatus = 1,1,1,1,1, calls = 0,0,0,0,0 -->
	<msg id='66' display='false' source='mc'>
		<type>HEARTBEAT</type>
		<severity>INFO</severity>
		<timestamp>Sun Jan 04 12:51:53 2015</timestamp>
		<arg name='tids'>8764,7572,10312,5412,11152</arg>
		<arg name='syscalls'>1,1,1,1,1</arg>
		<arg name='calls'>0,0,0,0,0</arg>
	</msg>
	<!-- Heartbeat, tids = 8764,7572,10312,5412,11152, syscallStatus = 1,1,1,1,1, calls = 0,0,0,0,0 -->
	<msg id='67' display='false' source='mc'>
		<type>HEARTBEAT</type>
		<severity>INFO</severity>
		<timestamp>Sun Jan 04 12:51:54 2015</timestamp>
		<arg name='tids'>8764,7572,10312,5412,11152</arg>
		<arg name='syscalls'>1,1,1,1,1</arg>
		<arg name='calls'>0,0,0,0,0</arg>
	</msg>
	<!-- Heartbeat, tids = 8764,7572,10312,5412,11152, syscallStatus = 1,1,1,1,1, calls = 0,0,0,0,0 -->
	<msg id='68' display='false' source='mc'>
		<type>HEARTBEAT</type>
		<severity>INFO</severity>
		<timestamp>Sun Jan 04 12:51:55 2015</timestamp>
		<arg name='tids'>8764,7572,10312,5412,11152</arg>
		<arg name='syscalls'>1,1,1,1,1</arg>
		<arg name='calls'>0,0,0,0,0</arg>
	</msg>
	<!-- Heartbeat, tids = 8764,7572,10312,5412,11152, syscallStatus = 1,1,1,1,1, calls = 0,0,0,0,0 -->
	<msg id='69' display='false' source='mc'>
		<type>HEARTBEAT</type>
		<severity>INFO</severity>
		<timestamp>Sun Jan 04 12:51:56 2015</timestamp>
		<arg name='tids'>8764,7572,10312,5412,11152</arg>
		<arg name='syscalls'>1,1,1,1,1</arg>
		<arg name='calls'>0,0,0,0,0</arg>
	</msg>
	<!-- Heartbeat, tids = 8764,7572,10312,5412,11152, syscallStatus = 1,1,1,1,1, calls = 0,0,0,0,0 -->
	<msg id='70' display='false' source='mc'>
		<type>HEARTBEAT</type>
		<severity>INFO</severity>
		<timestamp>Sun Jan 04 12:51:57 2015</timestamp>
		<arg name='tids'>8764,7572,10312,5412,11152</arg>
		<arg name='syscalls'>1,1,1,1,1</arg>
		<arg name='calls'>0,0,0,0,0</arg>
	</msg>
	<!-- Heartbeat, tids = 8764,7572,10312,5412,11152, syscallStatus = 1,1,1,1,1, calls = 0,0,0,0,0 -->
	<msg id='71' display='false' source='mc'>
		<type>HEARTBEAT</type>
		<severity>INFO</severity>
		<timestamp>Sun Jan 04 12:51:58 2015</timestamp>
		<arg name='tids'>8764,7572,10312,5412,11152</arg>
		<arg name='syscalls'>1,1,1,1,1</arg>
		<arg name='calls'>0,0,0,0,0</arg>
	</msg>
	<!-- Heartbeat, tids = 8764,7572,10312,5412,11152,9668,5220,5992, syscallStatus = 1,1,1,1,1,1,1,1, calls = 0,0,0,22,0,1089,1162,1006 -->
	<msg id='72' display='false' source='mc'>
		<type>HEARTBEAT</type>
		<severity>INFO</severity>
		<timestamp>Sun Jan 04 12:51:59 2015</timestamp>
		<arg name='tids'>8764,7572,10312,5412,11152,9668,5220,5992</arg>
		<arg name='syscalls'>1,1,1,1,1,1,1,1</arg>
		<arg name='calls'>0,0,0,22,0,1089,1162,1006</arg>
	</msg>
	<!-- Heartbeat, tids = 8764,7572,10312,5412,11152,9668,5220,5992, syscallStatus = 1,1,1,1,1,1,1,1, calls = 0,0,0,0,0,0,0,0 -->
	<msg id='73' display='false' source='mc'>
		<type>HEARTBEAT</type>
		<severity>INFO</severity>
		<timestamp>Sun Jan 04 12:52:00 2015</timestamp>
		<arg name='tids'>8764,7572,10312,5412,11152,9668,5220,5992</arg>
		<arg name='syscalls'>1,1,1,1,1,1,1,1</arg>
		<arg name='calls'>0,0,0,0,0,0,0,0</arg>
	</msg>
	<!-- Heartbeat, tids = 8764,7572,10312,5412,11152,9668,5220,5992, syscallStatus = 1,1,1,1,1,1,1,1, calls = 0,0,0,0,0,0,0,0 -->
	<msg id='74' display='false' source='mc'>
		<type>HEARTBEAT</type>
		<severity>INFO</severity>
		<timestamp>Sun Jan 04 12:52:01 2015</timestamp>
		<arg name='tids'>8764,7572,10312,5412,11152,9668,5220,5992</arg>
		<arg name='syscalls'>1,1,1,1,1,1,1,1</arg>
		<arg name='calls'>0,0,0,0,0,0,0,0</arg>
	</msg>
	<!-- Heartbeat, tids = 8764,7572,10312,5412,11152,9668,5220,5992, syscallStatus = 1,1,1,1,1,1,1,1, calls = 0,0,0,0,0,0,0,0 -->
	<msg id='75' display='false' source='mc'>
		<type>HEARTBEAT</type>
		<severity>INFO</severity>
		<timestamp>Sun Jan 04 12:52:02 2015</timestamp>
		<arg name='tids'>8764,7572,10312,5412,11152,9668,5220,5992</arg>
		<arg name='syscalls'>1,1,1,1,1,1,1,1</arg>
		<arg name='calls'>0,0,0,0,0,0,0,0</arg>
	</msg>
	<!-- Heartbeat, tids = 8764,7572,10312,5412,11152,9668,5220,5992, syscallStatus = 1,1,1,1,1,1,1,1, calls = 0,0,0,0,0,0,0,0 -->
	<msg id='76' display='false' source='mc'>
		<type>HEARTBEAT</type>
		<severity>INFO</severity>
		<timestamp>Sun Jan 04 12:52:03 2015</timestamp>
		<arg name='tids'>8764,7572,10312,5412,11152,9668,5220,5992</arg>
		<arg name='syscalls'>1,1,1,1,1,1,1,1</arg>
		<arg name='calls'>0,0,0,0,0,0,0,0</arg>
	</msg>
	<!-- Heartbeat, tids = 8764,7572,10312,5412,11152,9668,5220,5992, syscallStatus = 1,1,1,1,1,1,1,1, calls = 0,0,0,0,0,0,0,0 -->
	<msg id='77' display='false' source='mc'>
		<type>HEARTBEAT</type>
		<severity>INFO</severity>
		<timestamp>Sun Jan 04 12:52:04 2015</timestamp>
		<arg name='tids'>8764,7572,10312,5412,11152,9668,5220,5992</arg>
		<arg name='syscalls'>1,1,1,1,1,1,1,1</arg>
		<arg name='calls'>0,0,0,0,0,0,0,0</arg>
	</msg>
	<!-- Heartbeat, tids = 8764,7572,10312,5412,11152,9668,5220,5992, syscallStatus = 1,1,1,1,1,1,1,1, calls = 0,0,0,0,0,0,0,0 -->
	<msg id='78' display='false' source='mc'>
		<type>HEARTBEAT</type>
		<severity>INFO</severity>
		<timestamp>Sun Jan 04 12:52:05 2015</timestamp>
		<arg name='tids'>8764,7572,10312,5412,11152,9668,5220,5992</arg>
		<arg name='syscalls'>1,1,1,1,1,1,1,1</arg>
		<arg name='calls'>0,0,0,0,0,0,0,0</arg>
	</msg>
	<!-- Heartbeat, tids = 8764,7572,10312,5412,11152,9668,5220,5992, syscallStatus = 1,1,1,1,1,1,1,1, calls = 0,0,0,0,0,0,0,0 -->
	<msg id='79' display='false' source='mc'>
		<type>HEARTBEAT</type>
		<severity>INFO</severity>
		<timestamp>Sun Jan 04 12:52:06 2015</timestamp>
		<arg name='tids'>8764,7572,10312,5412,11152,9668,5220,5992</arg>
		<arg name='syscalls'>1,1,1,1,1,1,1,1</arg>
		<arg name='calls'>0,0,0,0,0,0,0,0</arg>
	</msg>
	<!-- Heartbeat, tids = 8764,7572,10312,5412,11152,9668,5220,5992, syscallStatus = 1,1,1,1,1,1,1,1, calls = 0,0,0,0,0,0,0,0 -->
	<msg id='80' display='false' source='mc'>
		<type>HEARTBEAT</type>
		<severity>INFO</severity>
		<timestamp>Sun Jan 04 12:52:07 2015</timestamp>
		<arg name='tids'>8764,7572,10312,5412,11152,9668,5220,5992</arg>
		<arg name='syscalls'>1,1,1,1,1,1,1,1</arg>
		<arg name='calls'>0,0,0,0,0,0,0,0</arg>
	</msg>
	<!-- Heartbeat, tids = 8764,7572,10312,5412,11152,9668,5220,5992, syscallStatus = 1,1,1,1,1,1,1,1, calls = 0,0,0,0,0,0,0,0 -->
	<msg id='81' display='false' source='mc'>
		<type>HEARTBEAT</type>
		<severity>INFO</severity>
		<timestamp>Sun Jan 04 12:52:08 2015</timestamp>
		<arg name='tids'>8764,7572,10312,5412,11152,9668,5220,5992</arg>
		<arg name='syscalls'>1,1,1,1,1,1,1,1</arg>
		<arg name='calls'>0,0,0,0,0,0,0,0</arg>
	</msg>
	<!-- Heartbeat, tids = 8764,7572,10312,5412,11152,9668,5220,5992, syscallStatus = 1,1,1,1,1,1,1,1, calls = 0,0,0,0,0,0,0,0 -->
	<msg id='82' display='false' source='mc'>
		<type>HEARTBEAT</type>
		<severity>INFO</severity>
		<timestamp>Sun Jan 04 12:52:09 2015</timestamp>
		<arg name='tids'>8764,7572,10312,5412,11152,9668,5220,5992</arg>
		<arg name='syscalls'>1,1,1,1,1,1,1,1</arg>
		<arg name='calls'>0,0,0,0,0,0,0,0</arg>
	</msg>
	<!-- Heartbeat, tids = 8764,7572,10312,5412,11152,9668,5220,5992, syscallStatus = 1,1,1,1,1,1,1,1, calls = 0,0,0,0,0,0,0,0 -->
	<msg id='83' display='false' source='mc'>
		<type>HEARTBEAT</type>
		<severity>INFO</severity>
		<timestamp>Sun Jan 04 12:52:10 2015</timestamp>
		<arg name='tids'>8764,7572,10312,5412,11152,9668,5220,5992</arg>
		<arg name='syscalls'>1,1,1,1,1,1,1,1</arg>
		<arg name='calls'>0,0,0,0,0,0,0,0</arg>
	</msg>
	<!-- Heartbeat, tids = 8764,7572,10312,5412,11152,9668,5220,5992, syscallStatus = 1,1,1,1,1,1,1,1, calls = 0,0,0,0,0,0,0,0 -->
	<msg id='84' display='false' source='mc'>
		<type>HEARTBEAT</type>
		<severity>INFO</severity>
		<timestamp>Sun Jan 04 12:52:11 2015</timestamp>
		<arg name='tids'>8764,7572,10312,5412,11152,9668,5220,5992</arg>
		<arg name='syscalls'>1,1,1,1,1,1,1,1</arg>
		<arg name='calls'>0,0,0,0,0,0,0,0</arg>
	</msg>
	<!-- Heartbeat, tids = 8764,7572,10312,5412,11152,9668,5220,5992, syscallStatus = 1,1,1,1,1,1,1,1, calls = 0,0,0,0,0,0,0,0 -->
	<msg id='85' display='false' source='mc'>
		<type>HEARTBEAT</type>
		<severity>INFO</severity>
		<timestamp>Sun Jan 04 12:52:12 2015</timestamp>
		<arg name='tids'>8764,7572,10312,5412,11152,9668,5220,5992</arg>
		<arg name='syscalls'>1,1,1,1,1,1,1,1</arg>
		<arg name='calls'>0,0,0,0,0,0,0,0</arg>
	</msg>
	<!-- Heartbeat, tids = 8764,7572,10312,5412,11152,9668,5220,5992, syscallStatus = 1,1,1,1,1,1,1,1, calls = 0,0,0,0,0,0,0,0 -->
	<msg id='86' display='false' source='mc'>
		<type>HEARTBEAT</type>
		<severity>INFO</severity>
		<timestamp>Sun Jan 04 12:52:13 2015</timestamp>
		<arg name='tids'>8764,7572,10312,5412,11152,9668,5220,5992</arg>
		<arg name='syscalls'>1,1,1,1,1,1,1,1</arg>
		<arg name='calls'>0,0,0,0,0,0,0,0</arg>
	</msg>
	<!-- Heartbeat, tids = 8764,7572,10312,5412,11152,9668,5220,5992, syscallStatus = 1,1,1,1,1,1,1,1, calls = 0,0,0,0,0,0,0,0 -->
	<msg id='87' display='false' source='mc'>
		<type>HEARTBEAT</type>
		<severity>INFO</severity>
		<timestamp>Sun Jan 04 12:52:14 2015</timestamp>
		<arg name='tids'>8764,7572,10312,5412,11152,9668,5220,5992</arg>
		<arg name='syscalls'>1,1,1,1,1,1,1,1</arg>
		<arg name='calls'>0,0,0,0,0,0,0,0</arg>
	</msg>
	<!-- Heartbeat, tids = 8764,7572,10312,5412,11152,9668,5220,5992, syscallStatus = 1,1,1,1,1,1,1,1, calls = 0,0,0,0,0,0,0,0 -->
	<msg id='88' display='false' source='mc'>
		<type>HEARTBEAT</type>
		<severity>INFO</severity>
		<timestamp>Sun Jan 04 12:52:15 2015</timestamp>
		<arg name='tids'>8764,7572,10312,5412,11152,9668,5220,5992</arg>
		<arg name='syscalls'>1,1,1,1,1,1,1,1</arg>
		<arg name='calls'>0,0,0,0,0,0,0,0</arg>
	</msg>
	<!-- Heartbeat, tids = 8764,7572,10312,5412,11152,9668,5220,5992, syscallStatus = 1,1,1,1,1,1,1,1, calls = 0,0,0,0,0,0,0,0 -->
	<msg id='89' display='false' source='mc'>
		<type>HEARTBEAT</type>
		<severity>INFO</severity>
		<timestamp>Sun Jan 04 12:52:16 2015</timestamp>
		<arg name='tids'>8764,7572,10312,5412,11152,9668,5220,5992</arg>
		<arg name='syscalls'>1,1,1,1,1,1,1,1</arg>
		<arg name='calls'>0,0,0,0,0,0,0,0</arg>
	</msg>
	<!-- Heartbeat, tids = 8764,7572,10312,5412,11152,9668,5220,5992, syscallStatus = 1,1,1,1,1,1,1,1, calls = 0,0,0,0,0,0,0,0 -->
	<msg id='90' display='false' source='mc'>
		<type>HEARTBEAT</type>
		<severity>INFO</severity>
		<timestamp>Sun Jan 04 12:52:17 2015</timestamp>
		<arg name='tids'>8764,7572,10312,5412,11152,9668,5220,5992</arg>
		<arg name='syscalls'>1,1,1,1,1,1,1,1</arg>
		<arg name='calls'>0,0,0,0,0,0,0,0</arg>
	</msg>
	<!-- Heartbeat, tids = 8764,7572,10312,5412,11152,9668,5220,5992, syscallStatus = 1,1,1,1,1,1,1,1, calls = 0,0,0,0,0,0,0,0 -->
	<msg id='91' display='false' source='mc'>
		<type>HEARTBEAT</type>
		<severity>INFO</severity>
		<timestamp>Sun Jan 04 12:52:18 2015</timestamp>
		<arg name='tids'>8764,7572,10312,5412,11152,9668,5220,5992</arg>
		<arg name='syscalls'>1,1,1,1,1,1,1,1</arg>
		<arg name='calls'>0,0,0,0,0,0,0,0</arg>
	</msg>
	<!-- Heartbeat, tids = 8764,7572,10312,5412,11152,9668,5220,5992, syscallStatus = 1,1,1,1,1,1,1,1, calls = 0,0,0,0,0,0,0,0 -->
	<msg id='92' display='false' source='mc'>
		<type>HEARTBEAT</type>
		<severity>INFO</severity>
		<timestamp>Sun Jan 04 12:52:19 2015</timestamp>
		<arg name='tids'>8764,7572,10312,5412,11152,9668,5220,5992</arg>
		<arg name='syscalls'>1,1,1,1,1,1,1,1</arg>
		<arg name='calls'>0,0,0,0,0,0,0,0</arg>
	</msg>
	<!-- Heartbeat, tids = 8764,7572,10312,5412,11152,9668,5220,5992, syscallStatus = 1,1,1,1,1,1,1,1, calls = 0,0,0,0,0,0,0,0 -->
	<msg id='93' display='false' source='mc'>
		<type>HEARTBEAT</type>
		<severity>INFO</severity>
		<timestamp>Sun Jan 04 12:52:20 2015</timestamp>
		<arg name='tids'>8764,7572,10312,5412,11152,9668,5220,5992</arg>
		<arg name='syscalls'>1,1,1,1,1,1,1,1</arg>
		<arg name='calls'>0,0,0,0,0,0,0,0</arg>
	</msg>
	<!-- Heartbeat, tids = 8764,7572,10312,5412,11152,9668,5220,5992, syscallStatus = 1,1,1,1,1,1,1,1, calls = 0,0,0,0,0,0,0,0 -->
	<msg id='94' display='false' source='mc'>
		<type>HEARTBEAT</type>
		<severity>INFO</severity>
		<timestamp>Sun Jan 04 12:52:21 2015</timestamp>
		<arg name='tids'>8764,7572,10312,5412,11152,9668,5220,5992</arg>
		<arg name='syscalls'>1,1,1,1,1,1,1,1</arg>
		<arg name='calls'>0,0,0,0,0,0,0,0</arg>
	</msg>
	<!-- Heartbeat, tids = 8764,7572,10312,5412,11152,9668,5220,5992, syscallStatus = 1,1,1,1,1,1,1,1, calls = 0,0,0,0,0,0,0,0 -->
	<msg id='95' display='false' source='mc'>
		<type>HEARTBEAT</type>
		<severity>INFO</severity>
		<timestamp>Sun Jan 04 12:52:22 2015</timestamp>
		<arg name='tids'>8764,7572,10312,5412,11152,9668,5220,5992</arg>
		<arg name='syscalls'>1,1,1,1,1,1,1,1</arg>
		<arg name='calls'>0,0,0,0,0,0,0,0</arg>
	</msg>
	<!-- Heartbeat, tids = 8764,7572,10312,5412,11152,9668,5220,5992, syscallStatus = 1,1,1,1,1,1,1,1, calls = 0,0,0,0,0,0,0,0 -->
	<msg id='96' display='false' source='mc'>
		<type>HEARTBEAT</type>
		<severity>INFO</severity>
		<timestamp>Sun Jan 04 12:52:23 2015</timestamp>
		<arg name='tids'>8764,7572,10312,5412,11152,9668,5220,5992</arg>
		<arg name='syscalls'>1,1,1,1,1,1,1,1</arg>
		<arg name='calls'>0,0,0,0,0,0,0,0</arg>
	</msg>
	<!-- Heartbeat, tids = 8764,7572,10312,5412,11152,9668,5220,5992, syscallStatus = 1,1,1,1,1,1,1,1, calls = 0,0,0,0,0,0,0,0 -->
	<msg id='97' display='false' source='mc'>
		<type>HEARTBEAT</type>
		<severity>INFO</severity>
		<timestamp>Sun Jan 04 12:52:24 2015</timestamp>
		<arg name='tids'>8764,7572,10312,5412,11152,9668,5220,5992</arg>
		<arg name='syscalls'>1,1,1,1,1,1,1,1</arg>
		<arg name='calls'>0,0,0,0,0,0,0,0</arg>
	</msg>
	<!-- Heartbeat, tids = 8764,7572,10312,5412,11152,9668,5220,5992, syscallStatus = 1,1,1,1,1,1,1,1, calls = 0,0,0,0,0,0,0,0 -->
	<msg id='98' display='false' source='mc'>
		<type>HEARTBEAT</type>
		<severity>INFO</severity>
		<timestamp>Sun Jan 04 12:52:25 2015</timestamp>
		<arg name='tids'>8764,7572,10312,5412,11152,9668,5220,5992</arg>
		<arg name='syscalls'>1,1,1,1,1,1,1,1</arg>
		<arg name='calls'>0,0,0,0,0,0,0,0</arg>
	</msg>
	<!-- Heartbeat, tids = 8764,7572,10312,5412,11152,9668,5220,5992, syscallStatus = 1,1,1,1,1,1,1,1, calls = 0,0,0,0,0,0,0,0 -->
	<msg id='99' display='false' source='mc'>
		<type>HEARTBEAT</type>
		<severity>INFO</severity>
		<timestamp>Sun Jan 04 12:52:26 2015</timestamp>
		<arg name='tids'>8764,7572,10312,5412,11152,9668,5220,5992</arg>
		<arg name='syscalls'>1,1,1,1,1,1,1,1</arg>
		<arg name='calls'>0,0,0,0,0,0,0,0</arg>
	</msg>
	<!-- Heartbeat, tids = 8764,7572,10312,5412,11152,9668,5220,5992, syscallStatus = 1,1,1,1,1,1,1,1, calls = 0,0,0,0,0,0,0,0 -->
	<msg id='100' display='false' source='mc'>
		<type>HEARTBEAT</type>
		<severity>INFO</severity>
		<timestamp>Sun Jan 04 12:52:27 2015</timestamp>
		<arg name='tids'>8764,7572,10312,5412,11152,9668,5220,5992</arg>
		<arg name='syscalls'>1,1,1,1,1,1,1,1</arg>
		<arg name='calls'>0,0,0,0,0,0,0,0</arg>
	</msg>
	<!-- Heartbeat, tids = 8764,7572,10312,5412,11152,9668,5220,5992, syscallStatus = 1,1,1,1,1,1,1,1, calls = 0,0,0,0,0,0,0,0 -->
	<msg id='101' display='false' source='mc'>
		<type>HEARTBEAT</type>
		<severity>INFO</severity>
		<timestamp>Sun Jan 04 12:52:28 2015</timestamp>
		<arg name='tids'>8764,7572,10312,5412,11152,9668,5220,5992</arg>
		<arg name='syscalls'>1,1,1,1,1,1,1,1</arg>
		<arg name='calls'>0,0,0,0,0,0,0,0</arg>
	</msg>
	<!-- Heartbeat, tids = 8764,7572,10312,5412,11152,9668,5220,5992, syscallStatus = 1,1,1,1,1,1,1,1, calls = 0,0,0,22,0,85,163,0 -->
	<msg id='102' display='false' source='mc'>
		<type>HEARTBEAT</type>
		<severity>INFO</severity>
		<timestamp>Sun Jan 04 12:52:29 2015</timestamp>
		<arg name='tids'>8764,7572,10312,5412,11152,9668,5220,5992</arg>
		<arg name='syscalls'>1,1,1,1,1,1,1,1</arg>
		<arg name='calls'>0,0,0,22,0,85,163,0</arg>
	</msg>
	<!-- Heartbeat, tids = 8764,7572,10312,5412,11152,9668,5220,5992, syscallStatus = 1,1,1,1,1,1,1,1, calls = 0,0,0,0,0,0,0,0 -->
	<msg id='103' display='false' source='mc'>
		<type>HEARTBEAT</type>
		<severity>INFO</severity>
		<timestamp>Sun Jan 04 12:52:30 2015</timestamp>
		<arg name='tids'>8764,7572,10312,5412,11152,9668,5220,5992</arg>
		<arg name='syscalls'>1,1,1,1,1,1,1,1</arg>
		<arg name='calls'>0,0,0,0,0,0,0,0</arg>
	</msg>
	<!-- Heartbeat, tids = 8764,7572,10312,5412,11152,9668,5220,5992, syscallStatus = 1,1,1,1,1,1,1,1, calls = 0,0,0,0,0,0,0,0 -->
	<msg id='104' display='false' source='mc'>
		<type>HEARTBEAT</type>
		<severity>INFO</severity>
		<timestamp>Sun Jan 04 12:52:31 2015</timestamp>
		<arg name='tids'>8764,7572,10312,5412,11152,9668,5220,5992</arg>
		<arg name='syscalls'>1,1,1,1,1,1,1,1</arg>
		<arg name='calls'>0,0,0,0,0,0,0,0</arg>
	</msg>
	<!-- Heartbeat, tids = 8764,7572,10312,5412,11152,9668,5220,5992, syscallStatus = 1,1,1,1,1,1,1,1, calls = 0,0,0,0,0,0,0,0 -->
	<msg id='105' display='false' source='mc'>
		<type>HEARTBEAT</type>
		<severity>INFO</severity>
		<timestamp>Sun Jan 04 12:52:32 2015</timestamp>
		<arg name='tids'>8764,7572,10312,5412,11152,9668,5220,5992</arg>
		<arg name='syscalls'>1,1,1,1,1,1,1,1</arg>
		<arg name='calls'>0,0,0,0,0,0,0,0</arg>
	</msg>
	<!-- Heartbeat, tids = 8764,7572,10312,5412,11152,9668,5220,5992, syscallStatus = 1,1,1,1,1,1,1,1, calls = 0,0,0,0,0,0,0,0 -->
	<msg id='106' display='false' source='mc'>
		<type>HEARTBEAT</type>
		<severity>INFO</severity>
		<timestamp>Sun Jan 04 12:52:33 2015</timestamp>
		<arg name='tids'>8764,7572,10312,5412,11152,9668,5220,5992</arg>
		<arg name='syscalls'>1,1,1,1,1,1,1,1</arg>
		<arg name='calls'>0,0,0,0,0,0,0,0</arg>
	</msg>
	<!-- Heartbeat, tids = 8764,7572,10312,5412,11152,9668,5220,5992, syscallStatus = 1,1,1,1,1,1,1,1, calls = 0,0,0,0,0,0,0,0 -->
	<msg id='107' display='false' source='mc'>
		<type>HEARTBEAT</type>
		<severity>INFO</severity>
		<timestamp>Sun Jan 04 12:52:34 2015</timestamp>
		<arg name='tids'>8764,7572,10312,5412,11152,9668,5220,5992</arg>
		<arg name='syscalls'>1,1,1,1,1,1,1,1</arg>
		<arg name='calls'>0,0,0,0,0,0,0,0</arg>
	</msg>
	<!-- Heartbeat, tids = 8764,7572,10312,5412,11152,9668,5220,5992, syscallStatus = 1,1,1,1,1,1,1,1, calls = 0,0,0,0,0,0,0,0 -->
	<msg id='108' display='false' source='mc'>
		<type>HEARTBEAT</type>
		<severity>INFO</severity>
		<timestamp>Sun Jan 04 12:52:35 2015</timestamp>
		<arg name='tids'>8764,7572,10312,5412,11152,9668,5220,5992</arg>
		<arg name='syscalls'>1,1,1,1,1,1,1,1</arg>
		<arg name='calls'>0,0,0,0,0,0,0,0</arg>
	</msg>
	<!-- Heartbeat, tids = 8764,7572,10312,5412,11152,9668,5220,5992, syscallStatus = 1,1,1,1,1,1,1,1, calls = 0,0,0,0,0,0,0,0 -->
	<msg id='109' display='false' source='mc'>
		<type>HEARTBEAT</type>
		<severity>INFO</severity>
		<timestamp>Sun Jan 04 12:52:36 2015</timestamp>
		<arg name='tids'>8764,7572,10312,5412,11152,9668,5220,5992</arg>
		<arg name='syscalls'>1,1,1,1,1,1,1,1</arg>
		<arg name='calls'>0,0,0,0,0,0,0,0</arg>
	</msg>
	<!-- Heartbeat, tids = 8764,7572,10312,5412,11152,9668,5220,5992, syscallStatus = 1,1,1,1,1,1,1,1, calls = 0,0,0,0,0,0,0,0 -->
	<msg id='110' display='false' source='mc'>
		<type>HEARTBEAT</type>
		<severity>INFO</severity>
		<timestamp>Sun Jan 04 12:52:37 2015</timestamp>
		<arg name='tids'>8764,7572,10312,5412,11152,9668,5220,5992</arg>
		<arg name='syscalls'>1,1,1,1,1,1,1,1</arg>
		<arg name='calls'>0,0,0,0,0,0,0,0</arg>
	</msg>
	<!-- Heartbeat, tids = 8764,7572,10312,5412,11152,9668,5220,5992, syscallStatus = 1,1,1,1,1,1,1,1, calls = 0,0,0,0,0,0,0,0 -->
	<msg id='111' display='false' source='mc'>
		<type>HEARTBEAT</type>
		<severity>INFO</severity>
		<timestamp>Sun Jan 04 12:52:38 2015</timestamp>
		<arg name='tids'>8764,7572,10312,5412,11152,9668,5220,5992</arg>
		<arg name='syscalls'>1,1,1,1,1,1,1,1</arg>
		<arg name='calls'>0,0,0,0,0,0,0,0</arg>
	</msg>
	<!-- Heartbeat, tids = 8764,7572,10312,5412,11152,9668,5220,5992, syscallStatus = 1,1,1,1,1,1,1,1, calls = 0,0,0,0,0,0,0,0 -->
	<msg id='112' display='false' source='mc'>
		<type>HEARTBEAT</type>
		<severity>INFO</severity>
		<timestamp>Sun Jan 04 12:52:39 2015</timestamp>
		<arg name='tids'>8764,7572,10312,5412,11152,9668,5220,5992</arg>
		<arg name='syscalls'>1,1,1,1,1,1,1,1</arg>
		<arg name='calls'>0,0,0,0,0,0,0,0</arg>
	</msg>
	<!-- Heartbeat, tids = 8764,7572,10312,5412,11152,9668,5220,5992, syscallStatus = 1,1,1,1,1,1,1,1, calls = 0,0,0,0,0,0,0,0 -->
	<msg id='113' display='false' source='mc'>
		<type>HEARTBEAT</type>
		<severity>INFO</severity>
		<timestamp>Sun Jan 04 12:52:40 2015</timestamp>
		<arg name='tids'>8764,7572,10312,5412,11152,9668,5220,5992</arg>
		<arg name='syscalls'>1,1,1,1,1,1,1,1</arg>
		<arg name='calls'>0,0,0,0,0,0,0,0</arg>
	</msg>
	<!-- Heartbeat, tids = 8764,7572,10312,5412,11152,9668,5220,5992, syscallStatus = 1,1,1,1,1,1,1,1, calls = 0,0,0,0,0,0,0,0 -->
	<msg id='114' display='false' source='mc'>
		<type>HEARTBEAT</type>
		<severity>INFO</severity>
		<timestamp>Sun Jan 04 12:52:41 2015</timestamp>
		<arg name='tids'>8764,7572,10312,5412,11152,9668,5220,5992</arg>
		<arg name='syscalls'>1,1,1,1,1,1,1,1</arg>
		<arg name='calls'>0,0,0,0,0,0,0,0</arg>
	</msg>
	<!-- Heartbeat, tids = 8764,7572,10312,5412,11152,9668,5220,5992, syscallStatus = 1,1,1,1,1,1,1,1, calls = 0,0,0,0,0,0,0,0 -->
	<msg id='115' display='false' source='mc'>
		<type>HEARTBEAT</type>
		<severity>INFO</severity>
		<timestamp>Sun Jan 04 12:52:42 2015</timestamp>
		<arg name='tids'>8764,7572,10312,5412,11152,9668,5220,5992</arg>
		<arg name='syscalls'>1,1,1,1,1,1,1,1</arg>
		<arg name='calls'>0,0,0,0,0,0,0,0</arg>
	</msg>
	<!-- Heartbeat, tids = 8764,7572,10312,5412,11152,9668,5220,5992, syscallStatus = 1,1,1,1,1,1,1,1, calls = 0,0,0,0,0,0,0,0 -->
	<msg id='116' display='false' source='mc'>
		<type>HEARTBEAT</type>
		<severity>INFO</severity>
		<timestamp>Sun Jan 04 12:52:43 2015</timestamp>
		<arg name='tids'>8764,7572,10312,5412,11152,9668,5220,5992</arg>
		<arg name='syscalls'>1,1,1,1,1,1,1,1</arg>
		<arg name='calls'>0,0,0,0,0,0,0,0</arg>
	</msg>
	<!-- Heartbeat, tids = 8764,7572,10312,5412,11152,9668,5220,5992, syscallStatus = 1,1,1,1,1,1,1,1, calls = 0,0,0,0,0,0,0,0 -->
	<msg id='117' display='false' source='mc'>
		<type>HEARTBEAT</type>
		<severity>INFO</severity>
		<timestamp>Sun Jan 04 12:52:44 2015</timestamp>
		<arg name='tids'>8764,7572,10312,5412,11152,9668,5220,5992</arg>
		<arg name='syscalls'>1,1,1,1,1,1,1,1</arg>
		<arg name='calls'>0,0,0,0,0,0,0,0</arg>
	</msg>
	<!-- Heartbeat, tids = 8764,7572,10312,5412,11152,9668,5220,5992, syscallStatus = 1,1,1,1,1,1,1,1, calls = 0,0,0,0,0,0,0,0 -->
	<msg id='118' display='false' source='mc'>
		<type>HEARTBEAT</type>
		<severity>INFO</severity>
		<timestamp>Sun Jan 04 12:52:45 2015</timestamp>
		<arg name='tids'>8764,7572,10312,5412,11152,9668,5220,5992</arg>
		<arg name='syscalls'>1,1,1,1,1,1,1,1</arg>
		<arg name='calls'>0,0,0,0,0,0,0,0</arg>
	</msg>
	<!-- Heartbeat, tids = 8764,7572,10312,5412,11152,9668,5220,5992, syscallStatus = 1,1,1,1,1,1,1,1, calls = 0,0,0,0,0,0,0,0 -->
	<msg id='119' display='false' source='mc'>
		<type>HEARTBEAT</type>
		<severity>INFO</severity>
		<timestamp>Sun Jan 04 12:52:46 2015</timestamp>
		<arg name='tids'>8764,7572,10312,5412,11152,9668,5220,5992</arg>
		<arg name='syscalls'>1,1,1,1,1,1,1,1</arg>
		<arg name='calls'>0,0,0,0,0,0,0,0</arg>
	</msg>
	<!-- Heartbeat, tids = 8764,7572,10312,5412,11152,9668,5220,5992, syscallStatus = 1,1,1,1,1,1,1,1, calls = 0,0,0,0,0,0,0,0 -->
	<msg id='120' display='false' source='mc'>
		<type>HEARTBEAT</type>
		<severity>INFO</severity>
		<timestamp>Sun Jan 04 12:52:47 2015</timestamp>
		<arg name='tids'>8764,7572,10312,5412,11152,9668,5220,5992</arg>
		<arg name='syscalls'>1,1,1,1,1,1,1,1</arg>
		<arg name='calls'>0,0,0,0,0,0,0,0</arg>
	</msg>
	<!-- Heartbeat, tids = 8764,7572,10312,5412,11152,9668,5220,5992, syscallStatus = 1,1,1,1,1,1,1,1, calls = 0,0,0,0,0,0,0,0 -->
	<msg id='121' display='false' source='mc'>
		<type>HEARTBEAT</type>
		<severity>INFO</severity>
		<timestamp>Sun Jan 04 12:52:48 2015</timestamp>
		<arg name='tids'>8764,7572,10312,5412,11152,9668,5220,5992</arg>
		<arg name='syscalls'>1,1,1,1,1,1,1,1</arg>
		<arg name='calls'>0,0,0,0,0,0,0,0</arg>
	</msg>
	<!-- Heartbeat, tids = 8764,7572,10312,5412,11152,9668,5220,5992, syscallStatus = 1,1,1,1,1,1,1,1, calls = 0,0,0,0,0,0,0,0 -->
	<msg id='122' display='false' source='mc'>
		<type>HEARTBEAT</type>
		<severity>INFO</severity>
		<timestamp>Sun Jan 04 12:52:49 2015</timestamp>
		<arg name='tids'>8764,7572,10312,5412,11152,9668,5220,5992</arg>
		<arg name='syscalls'>1,1,1,1,1,1,1,1</arg>
		<arg name='calls'>0,0,0,0,0,0,0,0</arg>
	</msg>
	<!-- Heartbeat, tids = 8764,7572,10312,5412,11152,9668,5220,5992, syscallStatus = 1,1,1,1,1,1,1,1, calls = 0,0,0,0,0,0,0,0 -->
	<msg id='123' display='false' source='mc'>
		<type>HEARTBEAT</type>
		<severity>INFO</severity>
		<timestamp>Sun Jan 04 12:52:50 2015</timestamp>
		<arg name='tids'>8764,7572,10312,5412,11152,9668,5220,5992</arg>
		<arg name='syscalls'>1,1,1,1,1,1,1,1</arg>
		<arg name='calls'>0,0,0,0,0,0,0,0</arg>
	</msg>
	<!-- Heartbeat, tids = 8764,7572,10312,5412,11152,9668,5220,5992, syscallStatus = 1,1,1,1,1,1,1,1, calls = 0,0,0,0,0,0,0,0 -->
	<msg id='124' display='false' source='mc'>
		<type>HEARTBEAT</type>
		<severity>INFO</severity>
		<timestamp>Sun Jan 04 12:52:51 2015</timestamp>
		<arg name='tids'>8764,7572,10312,5412,11152,9668,5220,5992</arg>
		<arg name='syscalls'>1,1,1,1,1,1,1,1</arg>
		<arg name='calls'>0,0,0,0,0,0,0,0</arg>
	</msg>
	<!-- Heartbeat, tids = 8764,7572,10312,5412,11152,9668,5220,5992, syscallStatus = 1,1,1,1,1,1,1,1, calls = 0,0,0,0,0,0,0,0 -->
	<msg id='125' display='false' source='mc'>
		<type>HEARTBEAT</type>
		<severity>INFO</severity>
		<timestamp>Sun Jan 04 12:52:52 2015</timestamp>
		<arg name='tids'>8764,7572,10312,5412,11152,9668,5220,5992</arg>
		<arg name='syscalls'>1,1,1,1,1,1,1,1</arg>
		<arg name='calls'>0,0,0,0,0,0,0,0</arg>
	</msg>
	<!-- Heartbeat, tids = 8764,7572,10312,5412,11152,9668,5220,5992, syscallStatus = 1,1,1,1,1,1,1,1, calls = 0,0,0,0,0,0,0,0 -->
	<msg id='126' display='false' source='mc'>
		<type>HEARTBEAT</type>
		<severity>INFO</severity>
		<timestamp>Sun Jan 04 12:52:53 2015</timestamp>
		<arg name='tids'>8764,7572,10312,5412,11152,9668,5220,5992</arg>
		<arg name='syscalls'>1,1,1,1,1,1,1,1</arg>
		<arg name='calls'>0,0,0,0,0,0,0,0</arg>
	</msg>
	<!-- Heartbeat, tids = 8764,7572,10312,5412,11152,9668,5220,5992, syscallStatus = 1,1,1,1,1,1,1,1, calls = 0,0,0,0,0,0,0,0 -->
	<msg id='127' display='false' source='mc'>
		<type>HEARTBEAT</type>
		<severity>INFO</severity>
		<timestamp>Sun Jan 04 12:52:54 2015</timestamp>
		<arg name='tids'>8764,7572,10312,5412,11152,9668,5220,5992</arg>
		<arg name='syscalls'>1,1,1,1,1,1,1,1</arg>
		<arg name='calls'>0,0,0,0,0,0,0,0</arg>
	</msg>
	<!-- Heartbeat, tids = 8764,7572,10312,5412,11152,9668,5220,5992, syscallStatus = 1,1,1,1,1,1,1,1, calls = 0,0,0,0,0,0,0,0 -->
	<msg id='128' display='false' source='mc'>
		<type>HEARTBEAT</type>
		<severity>INFO</severity>
		<timestamp>Sun Jan 04 12:52:55 2015</timestamp>
		<arg name='tids'>8764,7572,10312,5412,11152,9668,5220,5992</arg>
		<arg name='syscalls'>1,1,1,1,1,1,1,1</arg>
		<arg name='calls'>0,0,0,0,0,0,0,0</arg>
	</msg>
	<!-- Heartbeat, tids = 8764,7572,10312,5412,11152,9668,5220,5992, syscallStatus = 1,1,1,1,1,1,1,1, calls = 0,0,0,0,0,0,0,0 -->
	<msg id='129' display='false' source='mc'>
		<type>HEARTBEAT</type>
		<severity>INFO</severity>
		<timestamp>Sun Jan 04 12:52:56 2015</timestamp>
		<arg name='tids'>8764,7572,10312,5412,11152,9668,5220,5992</arg>
		<arg name='syscalls'>1,1,1,1,1,1,1,1</arg>
		<arg name='calls'>0,0,0,0,0,0,0,0</arg>
	</msg>
	<!-- Heartbeat, tids = 8764,7572,10312,5412,11152,9668,5220,5992, syscallStatus = 1,1,1,1,1,1,1,1, calls = 0,0,0,0,0,0,0,0 -->
	<msg id='130' display='false' source='mc'>
		<type>HEARTBEAT</type>
		<severity>INFO</severity>
		<timestamp>Sun Jan 04 12:52:57 2015</timestamp>
		<arg name='tids'>8764,7572,10312,5412,11152,9668,5220,5992</arg>
		<arg name='syscalls'>1,1,1,1,1,1,1,1</arg>
		<arg name='calls'>0,0,0,0,0,0,0,0</arg>
	</msg>
	<!-- Heartbeat, tids = 8764,7572,10312,5412,11152,9668,5220,5992, syscallStatus = 1,1,1,1,1,1,1,1, calls = 0,0,0,0,0,0,0,0 -->
	<msg id='131' display='false' source='mc'>
		<type>HEARTBEAT</type>
		<severity>INFO</severity>
		<timestamp>Sun Jan 04 12:52:58 2015</timestamp>
		<arg name='tids'>8764,7572,10312,5412,11152,9668,5220,5992</arg>
		<arg name='syscalls'>1,1,1,1,1,1,1,1</arg>
		<arg name='calls'>0,0,0,0,0,0,0,0</arg>
	</msg>
	<!-- Heartbeat, tids = 8764,7572,10312,5412,11152,9668,5220,5992, syscallStatus = 1,1,1,1,1,1,1,1, calls = 0,0,0,0,0,0,0,0 -->
	<msg id='132' display='false' source='mc'>
		<type>HEARTBEAT</type>
		<severity>INFO</severity>
		<timestamp>Sun Jan 04 12:52:59 2015</timestamp>
		<arg name='tids'>8764,7572,10312,5412,11152,9668,5220,5992</arg>
		<arg name='syscalls'>1,1,1,1,1,1,1,1</arg>
		<arg name='calls'>0,0,0,0,0,0,0,0</arg>
	</msg>
	<!-- Heartbeat, tids = 8764,7572,10312,5412,11152,9668,5220,5992, syscallStatus = 1,1,1,1,1,1,1,1, calls = 0,0,0,0,0,0,0,0 -->
	<msg id='133' display='false' source='mc'>
		<type>HEARTBEAT</type>
		<severity>INFO</severity>
		<timestamp>Sun Jan 04 12:53:00 2015</timestamp>
		<arg name='tids'>8764,7572,10312,5412,11152,9668,5220,5992</arg>
		<arg name='syscalls'>1,1,1,1,1,1,1,1</arg>
		<arg name='calls'>0,0,0,0,0,0,0,0</arg>
	</msg>
	<!-- Heartbeat, tids = 8764,7572,10312,5412,11152,9668,5220,5992, syscallStatus = 1,1,1,1,1,1,1,1, calls = 0,0,0,0,0,0,0,0 -->
	<msg id='134' display='false' source='mc'>
		<type>HEARTBEAT</type>
		<severity>INFO</severity>
		<timestamp>Sun Jan 04 12:53:01 2015</timestamp>
		<arg name='tids'>8764,7572,10312,5412,11152,9668,5220,5992</arg>
		<arg name='syscalls'>1,1,1,1,1,1,1,1</arg>
		<arg name='calls'>0,0,0,0,0,0,0,0</arg>
	</msg>
	<!-- Heartbeat, tids = 8764,7572,10312,5412,11152,9668,5220,5992, syscallStatus = 1,1,1,1,1,1,1,1, calls = 0,0,0,0,0,0,0,0 -->
	<msg id='135' display='false' source='mc'>
		<type>HEARTBEAT</type>
		<severity>INFO</severity>
		<timestamp>Sun Jan 04 12:53:02 2015</timestamp>
		<arg name='tids'>8764,7572,10312,5412,11152,9668,5220,5992</arg>
		<arg name='syscalls'>1,1,1,1,1,1,1,1</arg>
		<arg name='calls'>0,0,0,0,0,0,0,0</arg>
	</msg>
	<!-- Heartbeat, tids = 8764,7572,10312,5412,11152,9668,5220,5992, syscallStatus = 1,1,1,1,1,1,1,1, calls = 0,0,0,0,0,0,0,0 -->
	<msg id='136' display='false' source='mc'>
		<type>HEARTBEAT</type>
		<severity>INFO</severity>
		<timestamp>Sun Jan 04 12:53:03 2015</timestamp>
		<arg name='tids'>8764,7572,10312,5412,11152,9668,5220,5992</arg>
		<arg name='syscalls'>1,1,1,1,1,1,1,1</arg>
		<arg name='calls'>0,0,0,0,0,0,0,0</arg>
	</msg>
	<!-- Heartbeat, tids = 8764,7572,10312,5412,11152,9668,5220,5992, syscallStatus = 1,1,1,1,1,1,1,1, calls = 0,0,0,0,0,0,0,0 -->
	<msg id='137' display='false' source='mc'>
		<type>HEARTBEAT</type>
		<severity>INFO</severity>
		<timestamp>Sun Jan 04 12:53:04 2015</timestamp>
		<arg name='tids'>8764,7572,10312,5412,11152,9668,5220,5992</arg>
		<arg name='syscalls'>1,1,1,1,1,1,1,1</arg>
		<arg name='calls'>0,0,0,0,0,0,0,0</arg>
	</msg>
	<!-- Heartbeat, tids = 8764,7572,10312,5412,11152,9668,5220,5992, syscallStatus = 1,1,1,1,1,1,1,1, calls = 0,0,0,0,0,0,0,0 -->
	<msg id='138' display='false' source='mc'>
		<type>HEARTBEAT</type>
		<severity>INFO</severity>
		<timestamp>Sun Jan 04 12:53:05 2015</timestamp>
		<arg name='tids'>8764,7572,10312,5412,11152,9668,5220,5992</arg>
		<arg name='syscalls'>1,1,1,1,1,1,1,1</arg>
		<arg name='calls'>0,0,0,0,0,0,0,0</arg>
	</msg>
	<!-- Heartbeat, tids = 8764,7572,10312,5412,11152,9668,5220, syscallStatus = 1,1,1,1,1,1,1, calls = 0,0,0,0,0,0,0 -->
	<msg id='139' display='false' source='mc'>
		<type>HEARTBEAT</type>
		<severity>INFO</severity>
		<timestamp>Sun Jan 04 12:53:06 2015</timestamp>
		<arg name='tids'>8764,7572,10312,5412,11152,9668,5220</arg>
		<arg name='syscalls'>1,1,1,1,1,1,1</arg>
		<arg name='calls'>0,0,0,0,0,0,0</arg>
	</msg>